A A H	AA
A H '	AA
A H H	AA
A H H H	AA
A I '	AY
A I E	AY
A I L L E U R S	AY ER Z
A I S L E	AY L
A I S N E	AY N
A I T C H	EY CH
A R E	ER
A R R A I G N	ER EY N
A R R A I G N E D	ER EY N D
A R R A U	ER AW
A R R A Y	ER EY
A R R A Y ' D	ER EY D
A R R A Y E D	ER EY D
A R R E	ER
A R R E R	ER ER
A R R E S	ER Z
A S C H E	AE SH
A U E	AW
A U G H	AO
A U G H T	AO T
A U R E L L E	ER EH L
A U R E T T E	ER EH T
A U X	OW
A W ' D	EY D AH B AH L Y UW D
A W ' M	EY D AH B AH L Y UW M
A W ' Y	EY D AH B AH L Y UW IY
A W E	AA
A W E	AO
A W Y	EY D AH B AH L Y UW W AY
A Y E	AY
A Y R A U L T	EY R OW
B A R E A U D	B ER OW
B A R R E A U	B ER OW
B A R R E A U ' S	B ER OW Z
B A R R E A U X	B ER OW
B A U G H	B AO
B A Y E A U X	B EY OW
B E A U L E I G H	B OW L AH
B E A U X	B OW
B E R A U L T	B ER OW
B E U R R E	B ER
B O R O U G H	B ER OW
B O U G H	B AW
B O U G H E D	B AW D
B O U I L L E	B UW L
B O U I S S E	B UW S
B O U R R E A U	B ER OW
B O U R R E E	B ER IY
B R E A U L T	B R OW
B R E A U L T ' S	B R OW Z
B U R R O U G H	B ER OW
B U R R O U G H ' S	B ER OW Z
B U R R O U G H E S	B ER OW Z
B U R R O U G H S	B ER OW Z
B U R S C H E	B ER SH
B U R T S C H	B ER CH
C ' E S T	S EY
C A I L L E A C H	K AY IY CH
C H ' A O	SH AW
C H A I G N E U X	CH EY N UW
C H A S S E U S E	CH AE S Z
C H A U D	SH OW
C H A U F F E U R	SH OW F ER
C H A U F F E U R	SH OW F ER
C H A U F F E U R ' S	SH OW F ER Z
C H A U F F E U R ' S	SH OW F ER Z
C H A U F F E U S E	SH OW F Z
C H A U S S E	CH AW S
C H A U S S U R E	CH AW SH ER
C H A U X	SH OW
C H E C Q U E	CH EH K
C H E R C H E	CH ER CH
C H I A O	CH AW
C H I R R	CH ER
C H O U G H	CH OW
C H O U G H S	CH AW Z
C H O U X	SH UW
C H U R C H E	CH ER CH
C H U R R	CH ER
C L E U G H	K L
C O E U R ' S	K ER Z
C O E U R N E	K ER N
C O R P	K AO R P ER EY SH AH N
C O U P S	K UW
C U R R A G H	K ER AH
D ' A I R	D ER
D ' H O M M E	D AA M
D ' H O N N E U R	D AH N ER
D ' H O O G H E	D UW G
D ' O E U V R E	D ER V
D ' O E U V R E S	D ER V Z
D D E	D
D E A R '	D ER
D E I T S C H	D AY CH
D E U T S C H	D OY CH
D E U T S C H E	D OY CH
D E U T S C H E R	D OY CH ER
D H E	D
D J O U H O U	JH AW UW
D O U G H	D OW
D R	D AA K T ER
E ' E	IY
E A R ' D	ER D
E A R L E	ER L
E A R L E ' S	ER L Z
E A R T H	ER TH
E A R T H ' S	ER TH S
E A R T H E D	ER TH T
E A R T H E R	ER TH ER
E A U	OW
E A U X	OW
E E ' L L	IY L
E E E	IY
E I G H	EY
E I G H T	EY T
E I G H T ' S	EY T S
E I G H T H	EY TH
E I G H T H ' S	EY TH S
E R R	ER
E R R ' D	ER D
E R T H E	ER DH
E T C	EH T S EH T ER AH
E U R E	ER
E U V R E S	V Z
E U X	OW
E Y E	AY
E Y E '	AY
E Y E ' S	AY Z
E Y E T H	AY TH
F A U G H	F AO
F L A H A U L T	F L OW
G A	JH AO R JH AH
G A Y A R R E ' S	G EY ER Z
G H E	G
G O T T S C H E D	G AA CH T
G O U G H ' S	G AW Z
G R O A C ' H	G R OW
G U E R R I E R E	G ER IH R
G U E U X	G OW
H A '	HH
H A ' P ' O R T H	HH AO R TH
H A ' S H	HH SH
H A I G H	HH EY
H A I G H ' S	HH EY Z
H A U G H	HH AO
H E I G H	HH AY
H E I G H T H	HH AY TH
H E R A U L T	HH ER OW
H E R B U X	ER B
H I U	UW
H O I G H	HH OY
H O N	AH N ER AH B AH L
H O U G H E D	HH AW D
H O U R E	AW ER
H O W E ' E R	HH AW ER
H S H	SH
H S I A O	SH AW
I ' T H E	AY DH
I G H	AY
I G H E R	AY ER
J A C Q U E S	JH AE K
J A C Q U E S	ZH AA K
J A C Q U E S ' S	JH AE K Z
K A E H L E R T S C H	K EH L ER CH
K E A W E	K IY
K E A W E ' S	K IY Z
K N I G H T E	N AY T
K N O W '	N OW
K N O W E	N OW
K U T S C H E	K AH CH
L ' E A U	L OW
L ' O E U V R E	L ER V
L A I G H	L EY
L E I G H	L IY
L E I G H ' S	L IY Z
L H E	L
L H E U R E U X	L ER OW
L I E U X	L UW
L O E W E	L OW
L O U G H	L AW
L O U G H B O R O U G H	L AW B ER OW
M A ' L L	M L
M A ' S H	M SH
M A H S E ' F	M EY F
M A R Y ' L L	M ER L
M E A G H E R	M AA R
M E A G H E R ' S	M AA ER Z
M E A U X	M OW
M E I G S ' S	M IY Z
M E I L L E R A I E	M AY ER AY
M E I L L E R A Y E	M AY R EY
M E I L L E U R E	M IY L ER
M E U R T H E	M ER TH
M M E	M
M O U I L L E	M UW IY
M P H	M AY L Z P ER AW ER
M U R R E	M ER
M Y R R H	M ER
N E	N AO R TH IY S T
N E I G H	N EY
N E I G H ' S	N EY Z
N E I G H B O U R	N EY B ER
N E I G H B O U R ' S	N EY B ER Z
N E I G H B O U R E D	N EY B ER D
N E I G H E D	N EY D
N I E T Z S C H E	N IY CH IY
N I E T Z S C H E ' S	N IY CH IY Z
N N E	N
O ' E R W R O U G H T	OW ER R AO T
O ' M E A G H E R	OW M AA R
O ' T H E	OW DH
O E U V R E	ER V
O E U V R E S	ER V Z
O G H	OW
O I ' L L	OY L
O I ' V E	OY V
O I E	OY
O I G H	OY
O I S E A U X	W AA OW
O O ' R E	UW ER
O O H	UW
O O O	UW
O O O H	UW
O R '	ER
O R M E A U X	ER M OW
O U G H	OW
O U G H T	AO T
O U G H T E R	AO T ER
O U G H T T A	AO T AH
O U R ' S	ER Z
O W E	OW
O Y C K E	OY K
O Y E	OY
P E N N A	P EH N S IH L V EY N Y AH
P H E	F
P U R R E	P ER
Q	K Y UW
R E A U X	R OW
R E P	R EH P R IY Z EH T AH T IH V
R H E	R
R O U A U L T	R AW OW
R O U G H B O R O U G H	R UW B ER OW
R O U I L L E	R UW IY
S ' S H E	S SH
S A U G H	S AO
S A Y Y E	S AY
S C E A U X	S OW
S C H	SH
S C H A E F F E R	SH EH F ER
S C H A H	SH AA
S C H A I C K	SH AY K
S C H A U	SH OW
S C H E	SH
S C H E I C H	SH AY K
S C H E I H	SH AY
S C H E U R E R	SH ER ER
S C H I R R	SH ER
S C H M E I E	SH M AY
S C H O E F F E R	SH OW F ER
S C H O E P F	SH OW P
S C H O O	SH UW
S C H O T T I S C H E	SH AA T IH SH
S C H U U R R	SH UH R
S C I O U X	SH UW
S E	S AW TH IY S T
S E A U X	S OW
S E I G H	S IY
S H A ' T	SH T
S H A U G H	SH AO
S H A W E	SH AO
S H E ' L	SH IY
S H E A F F E	SH IY F
S H E A T H E	SH IY DH
S H E O G U E	SH AO G
S H E R ' F F	SH ER F
S H E W E	SH UW
S H H	SH
S H H H	SH
S H I R R	SH ER
S H I R R E D	SH ER D
S H U R R U F	SH ER F
S I G H E T H	S AY TH
S I O U X	S UW
S O U G H	S OW
S R	S IH S T ER
S R	S IY N Y ER
S S H	SH
S S H H	SH
S S S H H H	S SH
S T	S T R IY T
T ' O U G H T	T AO T
T ' R O U G H	T R AW
T C H	CH
T C H A D	CH D
T C H A H	CH
T C H A I	CH AY
T C H A R A N G U I I	CH ER AE NG IY
T C H A W	CH AO
T C H E E	CH IY
T C H O U	CH UW
T E R R E U R	T ER ER
T E W	T IY IY D AH B AH L Y UW
T H '	T
T H ' E E	T IY
T H ' O O	T UW
T H ' O U G H	T OW
T H ' O W	T OW
T H ' O W E D	T OW D
T H A I H	T AY
T H E ' E	TH IY
T H E ' E ' S	TH IY Z
T H E A W	TH IY
T H E E '	TH IY
T H E R ' L L	TH ER L
T H E Y ' L D	DH EY D
T H E Y ' L L	DH EY L
T H E Y ' R E	DH EH R
T H E Y ' S E	DH EY S
T H E Y ' V E	DH EY V
T H I E B A U L T	TH IY B OW
T H I G H	TH AY
T H O R E A U	TH ER OW
T H O R E A U ' S	TH ER OW Z
T H O R O U G H	TH ER OW
T H O U '	TH AW
T H O U ' L L	TH UW L
T H O U G H	DH OW
T H O U G H T	TH AO T
T H O U G H T ' S	TH AO T S
T H O U X	TH UW
T H R O U G H	TH R UW
T H U R E ' S	TH ER Z
T O U R R A I N E	T ER EY N
T S ' A O	S AW
T S C H E U	CH UW
T S H	SH
T S H E	SH
T S Z	SH
T Z S C H I R N E R	CH ER N ER
U R R	ER
V A I S S E A U X	V EY S OW
V A U G H A N	V AO N
V A U G H A N ' S	V AO N Z
V E A U X	V OW
V E I G H	V EY
V E I G H ' S	V EY Z
V E U L T	V EH
V S	V ER S AH Z
W	D AH B AH L Y UW
W ' A T	D AH B AH L Y UW AE T
W ' D	D AH B AH L Y UW D
W ' O T	D AH B AH L Y UW AO T
W ' S	D AH B AH L Y UW Z
W ' Y	D AH B AH L Y UW IY
W A G A	D AH B AH L Y UW EY JH IY EY
W A G A	D AH B AH Y UW EY JH IY EY
W A U G H	W AO
W A U G H ' S	W AO Z
W E ' R E	W ER
W E I G H	W EY
W E I G H ' D	W EY D
W E I G H E D	W EY D
W E I G H E R	W EY ER
W H E U G H	HH W
W H I R R	W ER
W H I R R ' S	W ER Z
W H I R R E D	W ER D
W H O E ' E R	HH UW ER
W I	D AH B AH L Y UW AY
W M	D AH B AH Y UW EH M
W M	W IH L Y AH M
W O R	D AH B AH Y UW OW AA R
W O R	D AH B EH L Y UW OW AA R
W O U G H	W OW
W R A Y E	R EY
W R E A T H E	R IY DH
W R O U G H T	R AO T
W S	D AH B AH L Y UW EH S
W S	D AH B Y AH EH S
W T H	TH
W U	D AH B AH L Y UW Y UW
W U	D AH B Y AH Y UW
W Y	D AH B AH L Y UW W AY
X	EH K S
X C	EH K S S IY
Y ' O U G H T	Y AO T
Y E I G H	Y IY
Y O U ' L	Y UW
Y O U ' R R E	Y UW R
Z H E	ZH
Z S C H O K K E	ZH AA K
